<?xml version="1.0" encoding="UTF-8"?>
<testng-results ignored="0" total="1" passed="1" failed="0" skipped="0">
  <reporter-output>
  </reporter-output>
  <suite started-at="2024-10-31T09:43:42 CDT" name="TestSuite" finished-at="2024-10-31T09:43:51 CDT" duration-ms="9455">
    <groups>
    </groups>
    <test started-at="2024-10-31T09:43:42 CDT" name="Test" finished-at="2024-10-31T09:43:51 CDT" duration-ms="9455">
      <class name="mytests.SampleTest">
        <test-method is-config="true" signature="setup()[pri:0, instance:mytests.SampleTest@34b7ac2f]" started-at="2024-10-31T09:43:42 CDT" name="setup" finished-at="2024-10-31T09:43:45 CDT" duration-ms="2596" status="PASS">
          <reporter-output>
          </reporter-output>
        </test-method> <!-- setup -->
        <test-method signature="productSearch()[pri:0, instance:mytests.SampleTest@34b7ac2f]" started-at="2024-10-31T09:43:45 CDT" name="productSearch" finished-at="2024-10-31T09:43:51 CDT" duration-ms="6697" status="PASS">
          <reporter-output>
          </reporter-output>
        </test-method> <!-- productSearch -->
        <test-method is-config="true" signature="tearDown()[pri:0, instance:mytests.SampleTest@34b7ac2f]" started-at="2024-10-31T09:43:51 CDT" name="tearDown" finished-at="2024-10-31T09:43:51 CDT" duration-ms="143" status="PASS">
          <reporter-output>
          </reporter-output>
        </test-method> <!-- tearDown -->
      </class> <!-- mytests.SampleTest -->
    </test> <!-- Test -->
  </suite> <!-- TestSuite -->
</testng-results>
